# JRE version: Java(TM) SE Runtime Environment (21.0.6+8) (build 21.0.6+8-LTS-188)
# Java VM: Java HotSpot(TM) 64-Bit Server VM (21.0.6+8-LTS-188, mixed mode, sharing, tiered, compressed oops, compressed class ptrs, g1 gc, windows-amd64)
GC Precious Log:
 CardTable entry size: 512
 Card Set container configuration: InlinePtr #cards 4 size 8 Array Of Cards #cards 16 size 48 Howl #buckets 8 coarsen threshold 3686 Howl Bitmap #cards 512 size 80 coarsen threshold 460 Card regions per heap region 1 cards per card region 4096
 CPUs: 8 total, 8 available
 Memory: 5877M
 Large Page Support: Disabled
 NUMA Support: Disabled
 Compressed Oops: Enabled (Zero based)
 Heap Region Size: 2M
 Heap Min Capacity: 8M
 Heap Initial Capacity: 92M
 Heap Max Capacity: 4G
 Pre-touch: Disabled
 Parallel Workers: 8
 Concurrent Workers: 2
 Concurrent Refinement Workers: 8
 Periodic GC: Disabled
Heap:
 garbage-first heap   total 495616K, used 190167K [0x0000000700000000, 0x0000000800000000)
  region size 2048K, 3 young (6144K), 3 survivors (6144K)
 Metaspace       used 153131K, committed 155648K, reserved 1245184K
  class space    used 19408K, committed 20672K, reserved 1048576K
GC Heap History (20 events):
Event: 202.892 GC heap after
{Heap after GC invocations=106 (full 0):
 garbage-first heap   total 495616K, used 130660K [0x0000000700000000, 0x0000000800000000)
  region size 2048K, 5 young (10240K), 5 survivors (10240K)
 Metaspace       used 141842K, committed 144320K, reserved 1179648K
  class space    used 18078K, committed 19328K, reserved 1048576K
}
Event: 205.382 GC heap before
{Heap before GC invocations=106 (full 0):
 garbage-first heap   total 495616K, used 417380K [0x0000000700000000, 0x0000000800000000)
  region size 2048K, 145 young (296960K), 5 survivors (10240K)
 Metaspace       used 141842K, committed 144320K, reserved 1179648K
  class space    used 18078K, committed 19328K, reserved 1048576K
}
Event: 205.408 GC heap after
{Heap after GC invocations=107 (full 0):
 garbage-first heap   total 495616K, used 131456K [0x0000000700000000, 0x0000000800000000)
  region size 2048K, 6 young (12288K), 6 survivors (12288K)
 Metaspace       used 141842K, committed 144320K, reserved 1179648K
  class space    used 18078K, committed 19328K, reserved 1048576K
}
Event: 207.612 GC heap before
{Heap before GC invocations=107 (full 0):
 garbage-first heap   total 495616K, used 416128K [0x0000000700000000, 0x0000000800000000)
  region size 2048K, 145 young (296960K), 6 survivors (12288K)
 Metaspace       used 141842K, committed 144320K, reserved 1179648K
  class space    used 18078K, committed 19328K, reserved 1048576K
}
Event: 207.627 GC heap after
{Heap after GC invocations=108 (full 0):
 garbage-first heap   total 495616K, used 132720K [0x0000000700000000, 0x0000000800000000)
  region size 2048K, 6 young (12288K), 6 survivors (12288K)
 Metaspace       used 141842K, committed 144320K, reserved 1179648K
  class space    used 18078K, committed 19328K, reserved 1048576K
}
Event: 212.051 GC heap before
{Heap before GC invocations=108 (full 0):
 garbage-first heap   total 495616K, used 417392K [0x0000000700000000, 0x0000000800000000)
  region size 2048K, 145 young (296960K), 6 survivors (12288K)
 Metaspace       used 141842K, committed 144320K, reserved 1179648K
  class space    used 18078K, committed 19328K, reserved 1048576K
}
Event: 212.066 GC heap after
{Heap after GC invocations=109 (full 0):
 garbage-first heap   total 495616K, used 133216K [0x0000000700000000, 0x0000000800000000)
  region size 2048K, 7 young (14336K), 7 survivors (14336K)
 Metaspace       used 141842K, committed 144320K, reserved 1179648K
  class space    used 18078K, committed 19328K, reserved 1048576K
}
Event: 225.216 GC heap before
{Heap before GC invocations=109 (full 0):
 garbage-first heap   total 495616K, used 415840K [0x0000000700000000, 0x0000000800000000)
  region size 2048K, 145 young (296960K), 7 survivors (14336K)
 Metaspace       used 142175K, committed 144640K, reserved 1179648K
  class space    used 18091K, committed 19328K, reserved 1048576K
}
Event: 225.829 GC heap after
{Heap after GC invocations=110 (full 0):
 garbage-first heap   total 495616K, used 143452K [0x0000000700000000, 0x0000000800000000)
  region size 2048K, 12 young (24576K), 12 survivors (24576K)
 Metaspace       used 142175K, committed 144640K, reserved 1179648K
  class space    used 18091K, committed 19328K, reserved 1048576K
}
Event: 225.848 GC heap before
{Heap before GC invocations=110 (full 0):
 garbage-first heap   total 495616K, used 145500K [0x0000000700000000, 0x0000000800000000)
  region size 2048K, 13 young (26624K), 12 survivors (24576K)
 Metaspace       used 142175K, committed 144640K, reserved 1179648K
  class space    used 18091K, committed 19328K, reserved 1048576K
}
Event: 225.988 GC heap after
{Heap after GC invocations=111 (full 0):
 garbage-first heap   total 495616K, used 145295K [0x0000000700000000, 0x0000000800000000)
  region size 2048K, 1 young (2048K), 1 survivors (2048K)
 Metaspace       used 142175K, committed 144640K, reserved 1179648K
  class space    used 18091K, committed 19328K, reserved 1048576K
}
Event: 243.706 GC heap before
{Heap before GC invocations=111 (full 0):
 garbage-first heap   total 495616K, used 239503K [0x0000000700000000, 0x0000000800000000)
  region size 2048K, 49 young (100352K), 1 survivors (2048K)
 Metaspace       used 144457K, committed 146880K, reserved 1179648K
  class space    used 18227K, committed 19456K, reserved 1048576K
}
Event: 243.799 GC heap after
{Heap after GC invocations=112 (full 0):
 garbage-first heap   total 495616K, used 155871K [0x0000000700000000, 0x0000000800000000)
  region size 2048K, 7 young (14336K), 7 survivors (14336K)
 Metaspace       used 144457K, committed 146880K, reserved 1179648K
  class space    used 18227K, committed 19456K, reserved 1048576K
}
Event: 246.990 GC heap before
{Heap before GC invocations=113 (full 0):
 garbage-first heap   total 495616K, used 182495K [0x0000000700000000, 0x0000000800000000)
  region size 2048K, 20 young (40960K), 7 survivors (14336K)
 Metaspace       used 146140K, committed 148608K, reserved 1179648K
  class space    used 18388K, committed 19648K, reserved 1048576K
}
Event: 247.037 GC heap after
{Heap after GC invocations=114 (full 0):
 garbage-first heap   total 495616K, used 158799K [0x0000000700000000, 0x0000000800000000)
  region size 2048K, 2 young (4096K), 2 survivors (4096K)
 Metaspace       used 146140K, committed 148608K, reserved 1179648K
  class space    used 18388K, committed 19648K, reserved 1048576K
}
Event: 271.344 GC heap before
{Heap before GC invocations=114 (full 0):
 garbage-first heap   total 495616K, used 353359K [0x0000000700000000, 0x0000000800000000)
  region size 2048K, 95 young (194560K), 2 survivors (4096K)
 Metaspace       used 152179K, committed 154752K, reserved 1245184K
  class space    used 19306K, committed 20608K, reserved 1048576K
}
Event: 271.641 GC heap after
{Heap after GC invocations=115 (full 0):
 garbage-first heap   total 495616K, used 185525K [0x0000000700000000, 0x0000000800000000)
  region size 2048K, 12 young (24576K), 12 survivors (24576K)
 Metaspace       used 152179K, committed 154752K, reserved 1245184K
  class space    used 19306K, committed 20608K, reserved 1048576K
}
Event: 271.674 GC heap before
{Heap before GC invocations=115 (full 0):
 garbage-first heap   total 495616K, used 187573K [0x0000000700000000, 0x0000000800000000)
  region size 2048K, 13 young (26624K), 12 survivors (24576K)
 Metaspace       used 152202K, committed 154752K, reserved 1245184K
  class space    used 19308K, committed 20608K, reserved 1048576K
}
Event: 271.843 GC heap after
{Heap after GC invocations=116 (full 0):
 garbage-first heap   total 495616K, used 188777K [0x0000000700000000, 0x0000000800000000)
  region size 2048K, 2 young (4096K), 2 survivors (4096K)
 Metaspace       used 152202K, committed 154752K, reserved 1245184K
  class space    used 19308K, committed 20608K, reserved 1048576K
}
Event: 272.669 GC heap before
{Heap before GC invocations=116 (full 0):
 garbage-first heap   total 495616K, used 303465K [0x0000000700000000, 0x0000000800000000)
  region size 2048K, 59 young (120832K), 2 survivors (4096K)
 Metaspace       used 153131K, committed 155648K, reserved 1245184K
  class space    used 19408K, committed 20672K, reserved 1048576K
}

