# JRE version: Java(TM) SE Runtime Environment (21.0.6+8) (build 21.0.6+8-LTS-188)
# Java VM: Java HotSpot(TM) 64-Bit Server VM (21.0.6+8-LTS-188, mixed mode, sharing, tiered, compressed oops, compressed class ptrs, g1 gc, windows-amd64)
GC Precious Log:
 CardTable entry size: 512
 Card Set container configuration: InlinePtr #cards 4 size 8 Array Of Cards #cards 16 size 48 Howl #buckets 8 coarsen threshold 3686 Howl Bitmap #cards 512 size 80 coarsen threshold 460 Card regions per heap region 1 cards per card region 4096
 CPUs: 8 total, 8 available
 Memory: 5877M
 Large Page Support: Disabled
 NUMA Support: Disabled
 Compressed Oops: Enabled (Zero based)
 Heap Region Size: 2M
 Heap Min Capacity: 8M
 Heap Initial Capacity: 92M
 Heap Max Capacity: 4G
 Pre-touch: Disabled
 Parallel Workers: 8
 Concurrent Workers: 2
 Concurrent Refinement Workers: 8
 Periodic GC: Disabled
Heap:
 garbage-first heap   total 643072K, used 180615K [0x0000000700000000, 0x0000000800000000)
  region size 2048K, 1 young (2048K), 1 survivors (2048K)
 Metaspace       used 145770K, committed 148288K, reserved 1179648K
  class space    used 18571K, committed 19840K, reserved 1048576K
GC Heap History (20 events):
Event: 220.176 GC heap after
{Heap after GC invocations=109 (full 0):
 garbage-first heap   total 534528K, used 161907K [0x0000000700000000, 0x0000000800000000)
  region size 2048K, 3 young (6144K), 3 survivors (6144K)
 Metaspace       used 137356K, committed 139776K, reserved 1179648K
  class space    used 17515K, committed 18752K, reserved 1048576K
}
Event: 232.862 GC heap before
{Heap before GC invocations=109 (full 0):
 garbage-first heap   total 534528K, used 475251K [0x0000000700000000, 0x0000000800000000)
  region size 2048K, 156 young (319488K), 3 survivors (6144K)
 Metaspace       used 137361K, committed 139776K, reserved 1179648K
  class space    used 17515K, committed 18752K, reserved 1048576K
}
Event: 233.818 GC heap after
{Heap after GC invocations=110 (full 0):
 garbage-first heap   total 643072K, used 164146K [0x0000000700000000, 0x0000000800000000)
  region size 2048K, 4 young (8192K), 4 survivors (8192K)
 Metaspace       used 137361K, committed 139776K, reserved 1179648K
  class space    used 17515K, committed 18752K, reserved 1048576K
}
Event: 234.525 GC heap before
{Heap before GC invocations=110 (full 0):
 garbage-first heap   total 643072K, used 186674K [0x0000000700000000, 0x0000000800000000)
  region size 2048K, 15 young (30720K), 4 survivors (8192K)
 Metaspace       used 137361K, committed 139776K, reserved 1179648K
  class space    used 17515K, committed 18752K, reserved 1048576K
}
Event: 234.804 GC heap after
{Heap after GC invocations=111 (full 0):
 garbage-first heap   total 643072K, used 165037K [0x0000000700000000, 0x0000000800000000)
  region size 2048K, 1 young (2048K), 1 survivors (2048K)
 Metaspace       used 137361K, committed 139776K, reserved 1179648K
  class space    used 17515K, committed 18752K, reserved 1048576K
}
Event: 251.231 GC heap before
{Heap before GC invocations=111 (full 0):
 garbage-first heap   total 643072K, used 326829K [0x0000000700000000, 0x0000000800000000)
  region size 2048K, 74 young (151552K), 1 survivors (2048K)
 Metaspace       used 144485K, committed 146944K, reserved 1179648K
  class space    used 18442K, committed 19712K, reserved 1048576K
}
Event: 251.317 GC heap after
{Heap after GC invocations=112 (full 0):
 garbage-first heap   total 643072K, used 178644K [0x0000000700000000, 0x0000000800000000)
  region size 2048K, 4 young (8192K), 4 survivors (8192K)
 Metaspace       used 144485K, committed 146944K, reserved 1179648K
  class space    used 18442K, committed 19712K, reserved 1048576K
}
Event: 251.972 GC heap before
{Heap before GC invocations=112 (full 0):
 garbage-first heap   total 643072K, used 201172K [0x0000000700000000, 0x0000000800000000)
  region size 2048K, 15 young (30720K), 4 survivors (8192K)
 Metaspace       used 144748K, committed 147264K, reserved 1179648K
  class space    used 18477K, committed 19776K, reserved 1048576K
}
Event: 252.006 GC heap after
{Heap after GC invocations=113 (full 0):
 garbage-first heap   total 643072K, used 180171K [0x0000000700000000, 0x0000000800000000)
  region size 2048K, 1 young (2048K), 1 survivors (2048K)
 Metaspace       used 144748K, committed 147264K, reserved 1179648K
  class space    used 18477K, committed 19776K, reserved 1048576K
}
Event: 252.695 GC heap before
{Heap before GC invocations=113 (full 0):
 garbage-first heap   total 643072K, used 229323K [0x0000000700000000, 0x0000000800000000)
  region size 2048K, 26 young (53248K), 1 survivors (2048K)
 Metaspace       used 144748K, committed 147264K, reserved 1179648K
  class space    used 18477K, committed 19776K, reserved 1048576K
}
Event: 252.704 GC heap after
{Heap after GC invocations=114 (full 0):
 garbage-first heap   total 643072K, used 180636K [0x0000000700000000, 0x0000000800000000)
  region size 2048K, 1 young (2048K), 1 survivors (2048K)
 Metaspace       used 144748K, committed 147264K, reserved 1179648K
  class space    used 18477K, committed 19776K, reserved 1048576K
}
Event: 253.052 GC heap before
{Heap before GC invocations=114 (full 0):
 garbage-first heap   total 643072K, used 252316K [0x0000000700000000, 0x0000000800000000)
  region size 2048K, 36 young (73728K), 1 survivors (2048K)
 Metaspace       used 144748K, committed 147264K, reserved 1179648K
  class space    used 18477K, committed 19776K, reserved 1048576K
}
Event: 253.056 GC heap after
{Heap after GC invocations=115 (full 0):
 garbage-first heap   total 643072K, used 181678K [0x0000000700000000, 0x0000000800000000)
  region size 2048K, 2 young (4096K), 2 survivors (4096K)
 Metaspace       used 144748K, committed 147264K, reserved 1179648K
  class space    used 18477K, committed 19776K, reserved 1048576K
}
Event: 253.405 GC heap before
{Heap before GC invocations=115 (full 0):
 garbage-first heap   total 643072K, used 275886K [0x0000000700000000, 0x0000000800000000)
  region size 2048K, 48 young (98304K), 2 survivors (4096K)
 Metaspace       used 144748K, committed 147264K, reserved 1179648K
  class space    used 18477K, committed 19776K, reserved 1048576K
}
Event: 253.409 GC heap after
{Heap after GC invocations=116 (full 0):
 garbage-first heap   total 643072K, used 183027K [0x0000000700000000, 0x0000000800000000)
  region size 2048K, 3 young (6144K), 3 survivors (6144K)
 Metaspace       used 144748K, committed 147264K, reserved 1179648K
  class space    used 18477K, committed 19776K, reserved 1048576K
}
Event: 253.953 GC heap before
{Heap before GC invocations=116 (full 0):
 garbage-first heap   total 643072K, used 318195K [0x0000000700000000, 0x0000000800000000)
  region size 2048K, 69 young (141312K), 3 survivors (6144K)
 Metaspace       used 144748K, committed 147264K, reserved 1179648K
  class space    used 18477K, committed 19776K, reserved 1048576K
}
Event: 253.958 GC heap after
{Heap after GC invocations=117 (full 0):
 garbage-first heap   total 643072K, used 185364K [0x0000000700000000, 0x0000000800000000)
  region size 2048K, 4 young (8192K), 4 survivors (8192K)
 Metaspace       used 144748K, committed 147264K, reserved 1179648K
  class space    used 18477K, committed 19776K, reserved 1048576K
}
Event: 255.582 GC heap before
{Heap before GC invocations=117 (full 0):
 garbage-first heap   total 643072K, used 369684K [0x0000000700000000, 0x0000000800000000)
  region size 2048K, 94 young (192512K), 4 survivors (8192K)
 Metaspace       used 144748K, committed 147264K, reserved 1179648K
  class space    used 18477K, committed 19776K, reserved 1048576K
}
Event: 255.641 GC heap after
{Heap after GC invocations=118 (full 0):
 garbage-first heap   total 643072K, used 188750K [0x0000000700000000, 0x0000000800000000)
  region size 2048K, 5 young (10240K), 5 survivors (10240K)
 Metaspace       used 144748K, committed 147264K, reserved 1179648K
  class space    used 18477K, committed 19776K, reserved 1048576K
}
Event: 259.408 GC heap before
{Heap before GC invocations=118 (full 0):
 garbage-first heap   total 643072K, used 373070K [0x0000000700000000, 0x0000000800000000)
  region size 2048K, 96 young (196608K), 5 survivors (10240K)
 Metaspace       used 145770K, committed 148288K, reserved 1179648K
  class space    used 18571K, committed 19840K, reserved 1048576K
}

